<?xml version="1.0" encoding="UTF-8"?>
<testng-results ignored="0" total="3" passed="3" failed="0" skipped="0">
  <reporter-output>
  </reporter-output>
  <suite started-at="2023-05-09T21:58:08 IST" name="All Test Suite" finished-at="2023-05-09T21:59:00 IST" duration-ms="51753">
    <groups>
    </groups>
    <test started-at="2023-05-09T21:58:08 IST" name="Test1" finished-at="2023-05-09T21:58:41 IST" duration-ms="32404">
      <class name="org.example.GoogleTest">
        <test-method is-config="true" signature="openbrowser(java.lang.String,java.lang.String)[pri:0, instance:org.example.GoogleTest@3427b02d]" started-at="2023-05-09T21:58:08 IST" name="openbrowser" finished-at="2023-05-09T21:58:19 IST" duration-ms="10704" status="PASS">
          <params>
            <param index="0">
              <value>
                <![CDATA[chrome]]>
              </value>
            </param>
            <param index="1">
              <value>
                <![CDATA[https://cloud.google.com/products/calculator]]>
              </value>
            </param>
          </params>
          <reporter-output>
          </reporter-output>
        </test-method> <!-- openbrowser -->
        <test-method signature="checkInformationInVmClassString()[pri:0, instance:org.example.GoogleTest@3427b02d]" started-at="2023-05-09T21:58:19 IST" name="checkInformationInVmClassString" finished-at="2023-05-09T21:58:40 IST" duration-ms="21478" status="PASS">
          <reporter-output>
          </reporter-output>
        </test-method> <!-- checkInformationInVmClassString -->
        <test-method signature="check_Data_is_correct()[pri:0, instance:org.example.GoogleTest@3427b02d]" started-at="2023-05-09T21:58:40 IST" name="check_Data_is_correct" finished-at="2023-05-09T21:58:40 IST" duration-ms="3" status="PASS">
          <reporter-output>
          </reporter-output>
        </test-method> <!-- check_Data_is_correct -->
        <test-method is-config="true" signature="driverclode()[pri:0, instance:org.example.GoogleTest@3427b02d]" started-at="2023-05-09T21:58:40 IST" name="driverclode" finished-at="2023-05-09T21:58:41 IST" duration-ms="136" status="PASS">
          <reporter-output>
          </reporter-output>
        </test-method> <!-- driverclode -->
      </class> <!-- org.example.GoogleTest -->
    </test> <!-- Test1 -->
    <test started-at="2023-05-09T21:58:41 IST" name="Test2" finished-at="2023-05-09T21:59:00 IST" duration-ms="19318">
      <class name="org.example.PastebinTest">
        <test-method signature="loginverification()[pri:0, instance:org.example.PastebinTest@15ff3e9e]" started-at="2023-05-09T21:58:41 IST" name="loginverification" finished-at="2023-05-09T21:59:00 IST" duration-ms="19318" status="PASS">
          <reporter-output>
          </reporter-output>
        </test-method> <!-- loginverification -->
      </class> <!-- org.example.PastebinTest -->
    </test> <!-- Test2 -->
  </suite> <!-- All Test Suite -->
</testng-results>
